<?xml version="1.0" encoding="UTF-8"?>
<!-- Generated by org.testng.reporters.JUnitReportReporter -->
<testsuite skipped="0" hostname="WINDOWS-41EONU9" name="monprojects.APITests" tests="2" failures="0" timestamp="2018-09-29T18:51:55 EDT" time="0.008" errors="0">
  <testcase name="deleteTwitter" time="0.008" classname="monprojects.APITests"/>
  <testcase name="postJira" time="0.000" classname="monprojects.APITests"/>
</testsuite> <!-- monprojects.APITests -->
