<?xml version="1.0" encoding="UTF-8"?>
<!-- Generated by org.testng.reporters.JUnitReportReporter -->
<testsuite skipped="0" hostname="WINDOWS-41EONU9" name="monprojects.AppiumTests" tests="2" failures="0" timestamp="2018-09-29T18:51:55 EDT" time="0.000" errors="0">
  <testcase name="ioSApp" time="0.000" classname="monprojects.AppiumTests"/>
  <testcase name="nativApp" time="0.000" classname="monprojects.AppiumTests"/>
</testsuite> <!-- monprojects.AppiumTests -->
