<?xml version="1.0" encoding="UTF-8"?>
<!-- Generated by org.testng.reporters.JUnitReportReporter -->
<testsuite skipped="0" hostname="WINDOWS-41EONU9" name="monprojects.AppTest" tests="1" failures="0" timestamp="2018-09-29T18:51:55 EDT" time="0.004" errors="0">
  <testcase name="testApp" time="0.004" classname="monprojects.AppTest"/>
</testsuite> <!-- monprojects.AppTest -->
